<?xml version="1.0" encoding="UTF-8"?>
<robot generator="Robot 3.2.1 (Python 3.8.4 on win32)" generated="20200718 01:52:47.065" rpa="false">
<suite id="s1" name="Dropdown" source="H:\meenu\practice\testcases\dropdown.robot">
<test id="s1-t1" name="dropdown testing">
<kw name="Open Browser" library="SeleniumLibrary">
<doc>Opens a new browser instance to the optional ``url``.</doc>
<arguments>
<arg>${url}</arg>
<arg>${browser}</arg>
</arguments>
<msg timestamp="20200718 01:52:47.373" level="INFO">Opening browser 'Firefox' to base url 'https://www.makemytrip.com/'.</msg>
<msg timestamp="20200718 01:52:47.377" level="INFO">Firefox driver log is always forced to to: H:\meenu\practice\geckodriver-29.log</msg>
<status status="PASS" starttime="20200718 01:52:47.373" endtime="20200718 01:53:03.581"></status>
</kw>
<kw>
<assign>
<var>${delay}</var>
</assign>
<msg timestamp="20200718 01:53:03.583" level="FAIL">Keyword name cannot be empty.</msg>
<status status="FAIL" starttime="20200718 01:53:03.583" endtime="20200718 01:53:03.584"></status>
</kw>
<status status="FAIL" starttime="20200718 01:52:47.372" endtime="20200718 01:53:03.584" critical="yes">Keyword name cannot be empty.</status>
</test>
<status status="FAIL" starttime="20200718 01:52:47.068" endtime="20200718 01:53:03.589"></status>
</suite>
<statistics>
<total>
<stat pass="0" fail="1">Critical Tests</stat>
<stat pass="0" fail="1">All Tests</stat>
</total>
<tag>
</tag>
<suite>
<stat pass="0" fail="1" id="s1" name="Dropdown">Dropdown</stat>
</suite>
</statistics>
<errors>
</errors>
</robot>
